This file contains any messages produced by compilers while
running configure, to aid debugging if configure makes a mistake.

It was created by fdmdv2 configure 0.2, which was
generated by GNU Autoconf 2.68.  Invocation command line was

  $ ./configure 

## --------- ##
## Platform. ##
## --------- ##

hostname = Win7-Ult-64
uname -m = i686
uname -r = 1.0.17(0.48/3/2)
uname -s = MINGW32_NT-6.1
uname -v = 2011-04-24 23:39

/usr/bin/uname -p = unknown
/bin/uname -X     = unknown

/bin/arch              = unknown
/usr/bin/arch -k       = unknown
/usr/convex/getsysinfo = unknown
/usr/bin/hostinfo      = unknown
/bin/machine           = unknown
/usr/bin/oslevel       = unknown
/bin/universe          = unknown

PATH: .
PATH: /usr/local/bin
PATH: /mingw/bin
PATH: /bin
PATH: /c/bin/Python2.7.1
PATH: /c/Program Files (x86)/ActiveState Komodo IDE 6/
PATH: /c/Windows/system32
PATH: /c/Windows
PATH: /c/Windows/System32/Wbem
PATH: /c/Windows/System32/WindowsPowerShell/v1.0/
PATH: /c/Program Files (x86)/Microsoft SQL Server/100/Tools/Binn/
PATH: /c/Program Files/Microsoft SQL Server/100/Tools/Binn/
PATH: /c/Program Files/Microsoft SQL Server/100/DTS/Binn/
PATH: /c/PROGRA~2/PICC
PATH: /c/bin/Python2.7.1/DLLs
PATH: /c/Program Files (x86)/QuickTime/QTSystem/
PATH: /c/Program Files/TortoiseSVN/bin
PATH: /c/altera/11.1sp2/modelsim_ase/win32aloem


## ----------- ##
## Core tests. ##
## ----------- ##

configure:1722: checking for a BSD-compatible install
configure:1790: result: /bin/install -c
configure:1801: checking whether build environment is sane
configure:1851: result: yes
configure:1992: checking for a thread-safe mkdir -p
configure:2031: result: /bin/mkdir -p
configure:2044: checking for gawk
configure:2060: found /bin/gawk
configure:2071: result: gawk
configure:2082: checking whether make sets $(MAKE)
configure:2104: result: yes
configure:2337: creating ./config.status

## ---------------------- ##
## Running config.status. ##
## ---------------------- ##

This file was extended by fdmdv2 config.status 0.2, which was
generated by GNU Autoconf 2.68.  Invocation command line was

  CONFIG_FILES    = 
  CONFIG_HEADERS  = 
  CONFIG_LINKS    = 
  CONFIG_COMMANDS = 
  $ ./config.status 

on Win7-Ult-64

config.status:751: creating Makefile
config.status:751: creating src/Makefile

## ---------------- ##
## Cache variables. ##
## ---------------- ##

ac_cv_env_build_alias_set=
ac_cv_env_build_alias_value=
ac_cv_env_host_alias_set=
ac_cv_env_host_alias_value=
ac_cv_env_target_alias_set=
ac_cv_env_target_alias_value=
ac_cv_path_install='/bin/install -c'
ac_cv_path_mkdir=/bin/mkdir
ac_cv_prog_AWK=gawk
ac_cv_prog_make_make_set=yes

## ----------------- ##
## Output variables. ##
## ----------------- ##

ACLOCAL='${SHELL} /p/Radio/fdmdv2/missing --run aclocal-1.11'
AMTAR='${SHELL} /p/Radio/fdmdv2/missing --run tar'
AUTOCONF='${SHELL} /p/Radio/fdmdv2/missing --run autoconf'
AUTOHEADER='${SHELL} /p/Radio/fdmdv2/missing --run autoheader'
AUTOMAKE='${SHELL} /p/Radio/fdmdv2/missing --run automake-1.11'
AWK='gawk'
CYGPATH_W='echo'
DEFS='-DPACKAGE_NAME=\"fdmdv2\" -DPACKAGE_TARNAME=\"fdmdv2\" -DPACKAGE_VERSION=\"0.2\" -DPACKAGE_STRING=\"fdmdv2\ 0.2\" -DPACKAGE_BUGREPORT=\"wittend@wwrinc.com\" -DPACKAGE_URL=\"\" -DPACKAGE=\"fdmdv2\" -DVERSION=\"0.2\"'
ECHO_C=''
ECHO_N='-n'
ECHO_T=''
INSTALL_DATA='${INSTALL} -m 644'
INSTALL_PROGRAM='${INSTALL}'
INSTALL_SCRIPT='${INSTALL}'
INSTALL_STRIP_PROGRAM='$(install_sh) -c -s'
LIBOBJS=''
LIBS=''
LTLIBOBJS=''
MAKEINFO='${SHELL} /p/Radio/fdmdv2/missing --run makeinfo'
MKDIR_P='/bin/mkdir -p'
PACKAGE='fdmdv2'
PACKAGE_BUGREPORT='wittend@wwrinc.com'
PACKAGE_NAME='fdmdv2'
PACKAGE_STRING='fdmdv2 0.2'
PACKAGE_TARNAME='fdmdv2'
PACKAGE_URL=''
PACKAGE_VERSION='0.2'
PATH_SEPARATOR=':'
SET_MAKE=''
SHELL='/bin/sh'
STRIP=''
VERSION='0.2'
am__isrc=''
am__leading_dot='.'
am__tar='${AMTAR} chof - "$$tardir"'
am__untar='${AMTAR} xf -'
bindir='${exec_prefix}/bin'
build_alias=''
datadir='${datarootdir}'
datarootdir='${prefix}/share'
docdir='${datarootdir}/doc/${PACKAGE_TARNAME}'
dvidir='${docdir}'
exec_prefix='${prefix}'
host_alias=''
htmldir='${docdir}'
includedir='${prefix}/include'
infodir='${datarootdir}/info'
install_sh='${SHELL} /p/Radio/fdmdv2/install-sh'
libdir='${exec_prefix}/lib'
libexecdir='${exec_prefix}/libexec'
localedir='${datarootdir}/locale'
localstatedir='${prefix}/var'
mandir='${datarootdir}/man'
mkdir_p='/bin/mkdir -p'
oldincludedir='/usr/include'
pdfdir='${docdir}'
prefix='/usr/local'
program_transform_name='s,x,x,'
psdir='${docdir}'
sbindir='${exec_prefix}/sbin'
sharedstatedir='${prefix}/com'
sysconfdir='${prefix}/etc'
target_alias=''

## ----------- ##
## confdefs.h. ##
## ----------- ##

/* confdefs.h */
#define PACKAGE_NAME "fdmdv2"
#define PACKAGE_TARNAME "fdmdv2"
#define PACKAGE_VERSION "0.2"
#define PACKAGE_STRING "fdmdv2 0.2"
#define PACKAGE_BUGREPORT "wittend@wwrinc.com"
#define PACKAGE_URL ""
#define PACKAGE "fdmdv2"
#define VERSION "0.2"

configure: exit 0
